data/dataset-en_COUN-TOPIC-100
data/dataset-en_COUN-TOPIC-100-masked
data/dataset-en_COUN-TOPIC-100-masked
0
dataset-en_COUN-TOPIC-100-masked
gpt2-medium
tr_output/gpt2-medium#dataset-en_COUN-TOPIC-100-masked#0.out
tr_output/gpt2-medium#dataset-en_COUN-TOPIC-100-masked#0.err
------------------------------------
  
10
dataset-en_COUN-TOPIC-100-masked
gpt2-medium
tr_output/gpt2-medium#dataset-en_COUN-TOPIC-100-masked#10.out
tr_output/gpt2-medium#dataset-en_COUN-TOPIC-100-masked#10.err
------------------------------------
  
20
dataset-en_COUN-TOPIC-100-masked
gpt2-medium
tr_output/gpt2-medium#dataset-en_COUN-TOPIC-100-masked#20.out
tr_output/gpt2-medium#dataset-en_COUN-TOPIC-100-masked#20.err
------------------------------------
  
30
dataset-en_COUN-TOPIC-100-masked
gpt2-medium
tr_output/gpt2-medium#dataset-en_COUN-TOPIC-100-masked#30.out
tr_output/gpt2-medium#dataset-en_COUN-TOPIC-100-masked#30.err
------------------------------------
  
40
dataset-en_COUN-TOPIC-100-masked
gpt2-medium
tr_output/gpt2-medium#dataset-en_COUN-TOPIC-100-masked#40.out
tr_output/gpt2-medium#dataset-en_COUN-TOPIC-100-masked#40.err
------------------------------------
  
50
dataset-en_COUN-TOPIC-100-masked
gpt2-medium
tr_output/gpt2-medium#dataset-en_COUN-TOPIC-100-masked#50.out
tr_output/gpt2-medium#dataset-en_COUN-TOPIC-100-masked#50.err
------------------------------------
  
60
dataset-en_COUN-TOPIC-100-masked
gpt2-medium
tr_output/gpt2-medium#dataset-en_COUN-TOPIC-100-masked#60.out
tr_output/gpt2-medium#dataset-en_COUN-TOPIC-100-masked#60.err
------------------------------------
  
0
dataset-en_COUN-TOPIC-100-masked
bigscience/bloom-560m
tr_output/bloom-560m#dataset-en_COUN-TOPIC-100-masked#0.out
tr_output/bloom-560m#dataset-en_COUN-TOPIC-100-masked#0.err
------------------------------------
  
10
dataset-en_COUN-TOPIC-100-masked
bigscience/bloom-560m
tr_output/bloom-560m#dataset-en_COUN-TOPIC-100-masked#10.out
tr_output/bloom-560m#dataset-en_COUN-TOPIC-100-masked#10.err
------------------------------------
  
20
dataset-en_COUN-TOPIC-100-masked
bigscience/bloom-560m
tr_output/bloom-560m#dataset-en_COUN-TOPIC-100-masked#20.out
tr_output/bloom-560m#dataset-en_COUN-TOPIC-100-masked#20.err
------------------------------------
  
30
dataset-en_COUN-TOPIC-100-masked
bigscience/bloom-560m
tr_output/bloom-560m#dataset-en_COUN-TOPIC-100-masked#30.out
tr_output/bloom-560m#dataset-en_COUN-TOPIC-100-masked#30.err
------------------------------------
  
40
dataset-en_COUN-TOPIC-100-masked
bigscience/bloom-560m
tr_output/bloom-560m#dataset-en_COUN-TOPIC-100-masked#40.out
tr_output/bloom-560m#dataset-en_COUN-TOPIC-100-masked#40.err
------------------------------------
  
50
dataset-en_COUN-TOPIC-100-masked
bigscience/bloom-560m
tr_output/bloom-560m#dataset-en_COUN-TOPIC-100-masked#50.out
tr_output/bloom-560m#dataset-en_COUN-TOPIC-100-masked#50.err
------------------------------------
  
60
dataset-en_COUN-TOPIC-100-masked
bigscience/bloom-560m
tr_output/bloom-560m#dataset-en_COUN-TOPIC-100-masked#60.out
tr_output/bloom-560m#dataset-en_COUN-TOPIC-100-masked#60.err
------------------------------------
  
0
dataset-en_COUN-TOPIC-100-masked
sberbank-ai/mGPT
tr_output/mGPT#dataset-en_COUN-TOPIC-100-masked#0.out
tr_output/mGPT#dataset-en_COUN-TOPIC-100-masked#0.err
------------------------------------
  
10
dataset-en_COUN-TOPIC-100-masked
sberbank-ai/mGPT
tr_output/mGPT#dataset-en_COUN-TOPIC-100-masked#10.out
tr_output/mGPT#dataset-en_COUN-TOPIC-100-masked#10.err
------------------------------------
  
20
dataset-en_COUN-TOPIC-100-masked
sberbank-ai/mGPT
tr_output/mGPT#dataset-en_COUN-TOPIC-100-masked#20.out
tr_output/mGPT#dataset-en_COUN-TOPIC-100-masked#20.err
------------------------------------
  
30
dataset-en_COUN-TOPIC-100-masked
sberbank-ai/mGPT
tr_output/mGPT#dataset-en_COUN-TOPIC-100-masked#30.out
tr_output/mGPT#dataset-en_COUN-TOPIC-100-masked#30.err
------------------------------------
  
40
dataset-en_COUN-TOPIC-100-masked
sberbank-ai/mGPT
tr_output/mGPT#dataset-en_COUN-TOPIC-100-masked#40.out
tr_output/mGPT#dataset-en_COUN-TOPIC-100-masked#40.err
------------------------------------
  
50
dataset-en_COUN-TOPIC-100-masked
sberbank-ai/mGPT
tr_output/mGPT#dataset-en_COUN-TOPIC-100-masked#50.out
tr_output/mGPT#dataset-en_COUN-TOPIC-100-masked#50.err
------------------------------------
  
60
dataset-en_COUN-TOPIC-100-masked
sberbank-ai/mGPT
tr_output/mGPT#dataset-en_COUN-TOPIC-100-masked#60.out
tr_output/mGPT#dataset-en_COUN-TOPIC-100-masked#60.err
------------------------------------
  
data/dataset-en_COUN-TOPIC-100-random
data/dataset-en_COUN-TOPIC-100-random
0
dataset-en_COUN-TOPIC-100-random
gpt2-medium
tr_output/gpt2-medium#dataset-en_COUN-TOPIC-100-random#0.out
tr_output/gpt2-medium#dataset-en_COUN-TOPIC-100-random#0.err
------------------------------------
  
10
dataset-en_COUN-TOPIC-100-random
gpt2-medium
tr_output/gpt2-medium#dataset-en_COUN-TOPIC-100-random#10.out
tr_output/gpt2-medium#dataset-en_COUN-TOPIC-100-random#10.err
------------------------------------
  
20
dataset-en_COUN-TOPIC-100-random
gpt2-medium
tr_output/gpt2-medium#dataset-en_COUN-TOPIC-100-random#20.out
tr_output/gpt2-medium#dataset-en_COUN-TOPIC-100-random#20.err
------------------------------------
  
30
dataset-en_COUN-TOPIC-100-random
gpt2-medium
tr_output/gpt2-medium#dataset-en_COUN-TOPIC-100-random#30.out
tr_output/gpt2-medium#dataset-en_COUN-TOPIC-100-random#30.err
------------------------------------
  
40
dataset-en_COUN-TOPIC-100-random
gpt2-medium
tr_output/gpt2-medium#dataset-en_COUN-TOPIC-100-random#40.out
tr_output/gpt2-medium#dataset-en_COUN-TOPIC-100-random#40.err
------------------------------------
  
50
dataset-en_COUN-TOPIC-100-random
gpt2-medium
tr_output/gpt2-medium#dataset-en_COUN-TOPIC-100-random#50.out
tr_output/gpt2-medium#dataset-en_COUN-TOPIC-100-random#50.err
------------------------------------
  
60
dataset-en_COUN-TOPIC-100-random
gpt2-medium
tr_output/gpt2-medium#dataset-en_COUN-TOPIC-100-random#60.out
tr_output/gpt2-medium#dataset-en_COUN-TOPIC-100-random#60.err
------------------------------------
  
0
dataset-en_COUN-TOPIC-100-random
bigscience/bloom-560m
tr_output/bloom-560m#dataset-en_COUN-TOPIC-100-random#0.out
tr_output/bloom-560m#dataset-en_COUN-TOPIC-100-random#0.err
------------------------------------
  
10
dataset-en_COUN-TOPIC-100-random
bigscience/bloom-560m
tr_output/bloom-560m#dataset-en_COUN-TOPIC-100-random#10.out
tr_output/bloom-560m#dataset-en_COUN-TOPIC-100-random#10.err
------------------------------------
  
20
dataset-en_COUN-TOPIC-100-random
bigscience/bloom-560m
tr_output/bloom-560m#dataset-en_COUN-TOPIC-100-random#20.out
tr_output/bloom-560m#dataset-en_COUN-TOPIC-100-random#20.err
------------------------------------
  
30
dataset-en_COUN-TOPIC-100-random
bigscience/bloom-560m
tr_output/bloom-560m#dataset-en_COUN-TOPIC-100-random#30.out
tr_output/bloom-560m#dataset-en_COUN-TOPIC-100-random#30.err
------------------------------------
  
40
dataset-en_COUN-TOPIC-100-random
bigscience/bloom-560m
tr_output/bloom-560m#dataset-en_COUN-TOPIC-100-random#40.out
tr_output/bloom-560m#dataset-en_COUN-TOPIC-100-random#40.err
------------------------------------
  
50
dataset-en_COUN-TOPIC-100-random
bigscience/bloom-560m
tr_output/bloom-560m#dataset-en_COUN-TOPIC-100-random#50.out
tr_output/bloom-560m#dataset-en_COUN-TOPIC-100-random#50.err
------------------------------------
  
60
dataset-en_COUN-TOPIC-100-random
bigscience/bloom-560m
tr_output/bloom-560m#dataset-en_COUN-TOPIC-100-random#60.out
tr_output/bloom-560m#dataset-en_COUN-TOPIC-100-random#60.err
------------------------------------
  
0
dataset-en_COUN-TOPIC-100-random
sberbank-ai/mGPT
tr_output/mGPT#dataset-en_COUN-TOPIC-100-random#0.out
tr_output/mGPT#dataset-en_COUN-TOPIC-100-random#0.err
------------------------------------
  
10
dataset-en_COUN-TOPIC-100-random
sberbank-ai/mGPT
tr_output/mGPT#dataset-en_COUN-TOPIC-100-random#10.out
tr_output/mGPT#dataset-en_COUN-TOPIC-100-random#10.err
------------------------------------
  
20
dataset-en_COUN-TOPIC-100-random
sberbank-ai/mGPT
tr_output/mGPT#dataset-en_COUN-TOPIC-100-random#20.out
tr_output/mGPT#dataset-en_COUN-TOPIC-100-random#20.err
------------------------------------
  
30
dataset-en_COUN-TOPIC-100-random
sberbank-ai/mGPT
tr_output/mGPT#dataset-en_COUN-TOPIC-100-random#30.out
tr_output/mGPT#dataset-en_COUN-TOPIC-100-random#30.err
------------------------------------
  
40
dataset-en_COUN-TOPIC-100-random
sberbank-ai/mGPT
tr_output/mGPT#dataset-en_COUN-TOPIC-100-random#40.out
tr_output/mGPT#dataset-en_COUN-TOPIC-100-random#40.err
------------------------------------
  
50
dataset-en_COUN-TOPIC-100-random
sberbank-ai/mGPT
tr_output/mGPT#dataset-en_COUN-TOPIC-100-random#50.out
tr_output/mGPT#dataset-en_COUN-TOPIC-100-random#50.err
------------------------------------
  
60
dataset-en_COUN-TOPIC-100-random
sberbank-ai/mGPT
tr_output/mGPT#dataset-en_COUN-TOPIC-100-random#60.out
tr_output/mGPT#dataset-en_COUN-TOPIC-100-random#60.err
------------------------------------
  
